#
# There is insufficient memory for the Java Runtime Environment to continue.
# Native memory allocation (mmap) failed to map 130023424 bytes for G1 virtual space
# Possible reasons:
#   The system is out of physical RAM or swap space
#   The process is running with CompressedOops enabled, and the Java Heap may be blocking the growth of the native heap
# Possible solutions:
#   Reduce memory load on the system
#   Increase physical memory or swap space
#   Check if swap backing store is full
#   Decrease Java heap size (-Xmx/-Xms)
#   Decrease number of Java threads
#   Decrease Java thread stack sizes (-Xss)
#   Set larger code cache with -XX:ReservedCodeCacheSize=
#   JVM is running with Unscaled Compressed Oops mode in which the Java heap is
#     placed in the first 4GB address space. The Java Heap base address is the
#     maximum limit for the native heap growth. Please use -XX:HeapBaseMinAddress
#     to set the Java Heap base and to place the Java Heap above 4GB virtual address.
# This output file may be truncated or incomplete.
#
#  Out of Memory Error (os_windows.cpp:3532), pid=1260, tid=32116
#
# JRE version:  (17.0.2+8) (build )
# Java VM: Java HotSpot(TM) 64-Bit Server VM (17.0.2+8-LTS-86, mixed mode, sharing, tiered, compressed oops, compressed class ptrs, g1 gc, windows-amd64)
# No core dump will be written. Minidumps are not enabled by default on client versions of Windows
#

---------------  S U M M A R Y ------------

Command Line: --module-path=C:\Users\augustin.lefevre\Documents\tools\openjfx-17.0.2_windows-x64_bin-sdk\javafx-sdk-17.0.2\lib --add-modules=javafx.controls -Dfile.encoding=Cp1252 gui.App

Host: Intel(R) Core(TM) i5-10210U CPU @ 1.60GHz, 8 cores, 7G,  Windows 10 , 64 bit Build 19041 (10.0.19041.1503)
Time: Fri Mar 25 16:30:15 2022 Paris, Madrid elapsed time: 0.011653 seconds (0d 0h 0m 0s)

---------------  T H R E A D  ---------------

Current thread (0x00000191ffe0f3a0):  JavaThread "Unknown thread" [_thread_in_vm, id=32116, stack(0x0000001f4cd00000,0x0000001f4ce00000)]

Stack: [0x0000001f4cd00000,0x0000001f4ce00000]
Native frames: (J=compiled Java code, j=interpreted, Vv=VM code, C=native code)
V  [jvm.dll+0x670baa]
V  [jvm.dll+0x7cfcb4]
V  [jvm.dll+0x7d145e]
V  [jvm.dll+0x7d1ac3]
V  [jvm.dll+0x242bc5]
V  [jvm.dll+0x66dac9]
V  [jvm.dll+0x662412]
V  [jvm.dll+0x300c0b]
V  [jvm.dll+0x3081a6]
V  [jvm.dll+0x357d0e]
V  [jvm.dll+0x357f3f]
V  [jvm.dll+0x2d7ec8]
V  [jvm.dll+0x2d8e34]
V  [jvm.dll+0x7a18c1]
V  [jvm.dll+0x365a91]
V  [jvm.dll+0x780d2c]
V  [jvm.dll+0x3e845f]
V  [jvm.dll+0x3e9f01]
C  [jli.dll+0x527b]
C  [ucrtbase.dll+0x21bb2]
C  [KERNEL32.DLL+0x17034]
C  [ntdll.dll+0x52651]


---------------  P R O C E S S  ---------------

Threads class SMR info:
_java_thread_list=0x00007ffa43b79858, length=0, elements={
}

Java Threads: ( => current thread )

Other Threads:
  0x00000191ffe4fbc0 GCTaskThread "GC Thread#0" [stack: 0x0000001f4ce00000,0x0000001f4cf00000] [id=9772]
  0x00000191ffe60760 ConcurrentGCThread "G1 Main Marker" [stack: 0x0000001f4cf00000,0x0000001f4d000000] [id=7052]
  0x00000191ffe61170 ConcurrentGCThread "G1 Conc#0" [stack: 0x0000001f4d000000,0x0000001f4d100000] [id=54712]

[error occurred during error reporting (printing all threads), id 0xc0000005, EXCEPTION_ACCESS_VIOLATION (0xc0000005) at pc=0x00007ffa433c88a7]

VM state: not at safepoint (not fully initialized)

VM Mutex/Monitor currently owned by a thread:  ([mutex/lock_event])
[0x00000191ffe0a420] Heap_lock - owner thread: 0x00000191ffe0f3a0

Heap address: 0x0000000085a00000, size: 1958 MB, Compressed Oops mode: 32-bit

CDS archive(s) mapped at: [0x0000000000000000-0x0000000000000000-0x0000000000000000), size 0, SharedBaseAddress: 0x0000000800000000, ArchiveRelocationMode: 0.
Narrow klass base: 0x0000000000000000, Narrow klass shift: 0, Narrow klass range: 0x0

GC Precious Log:
<Empty>

Heap:
 garbage-first heap   total 0K, used 0K [0x0000000085a00000, 0x0000000100000000)
  region size 1024K, 0 young (0K), 0 survivors (0K)

[error occurred during error reporting (printing heap information), id 0xc0000005, EXCEPTION_ACCESS_VIOLATION (0xc0000005) at pc=0x00007ffa437a9f19]

GC Heap History (0 events):
No events

Deoptimization events (0 events):
No events

Classes unloaded (0 events):
No events

Classes redefined (0 events):
No events

Internal exceptions (0 events):
No events

VM Operations (0 events):
No events

Events (1 events):
Event: 0.006 Loaded shared library C:\Users\augustin.lefevre\Documents\tools\jdk-17.0.2\bin\java.dll


Dynamic libraries:
0x00007ff7737b0000 - 0x00007ff7737c0000 	C:\Users\augustin.lefevre\Documents\tools\jdk-17.0.2\bin\javaw.exe
0x00007ffa9acf0000 - 0x00007ffa9aee5000 	C:\windows\SYSTEM32\ntdll.dll
0x00007ffa98d40000 - 0x00007ffa98dfe000 	C:\windows\System32\KERNEL32.DLL
0x00007ffa98430000 - 0x00007ffa986f8000 	C:\windows\System32\KERNELBASE.dll
0x00007ffa988b0000 - 0x00007ffa989b0000 	C:\windows\System32\ucrtbase.dll
0x00007ffa76e20000 - 0x00007ffa76e3a000 	C:\Users\augustin.lefevre\Documents\tools\jdk-17.0.2\bin\VCRUNTIME140.dll
0x00007ffa72e00000 - 0x00007ffa72e18000 	C:\Users\augustin.lefevre\Documents\tools\jdk-17.0.2\bin\jli.dll
0x00007ffa9a1e0000 - 0x00007ffa9a28e000 	C:\windows\System32\ADVAPI32.dll
0x00007ffa9a6e0000 - 0x00007ffa9a77e000 	C:\windows\System32\msvcrt.dll
0x00007ffa98e00000 - 0x00007ffa98e9c000 	C:\windows\System32\sechost.dll
0x00007ffa9a0b0000 - 0x00007ffa9a1d5000 	C:\windows\System32\RPCRT4.dll
0x00007ffa9a330000 - 0x00007ffa9a4d0000 	C:\windows\System32\USER32.dll
0x00007ffa98700000 - 0x00007ffa98722000 	C:\windows\System32\win32u.dll
0x00007ffa80010000 - 0x00007ffa802aa000 	C:\windows\WinSxS\amd64_microsoft.windows.common-controls_6595b64144ccf1df_6.0.19041.1110_none_60b5254171f9507e\COMCTL32.dll
0x00007ffa99b20000 - 0x00007ffa99b4b000 	C:\windows\System32\GDI32.dll
0x00007ffa987a0000 - 0x00007ffa988ad000 	C:\windows\System32\gdi32full.dll
0x00007ffa98b60000 - 0x00007ffa98bfd000 	C:\windows\System32\msvcp_win.dll
0x00007ffa8f6a0000 - 0x00007ffa8f6aa000 	C:\windows\SYSTEM32\VERSION.dll
0x00007ffa9a290000 - 0x00007ffa9a2c0000 	C:\windows\System32\IMM32.DLL
0x00007ffa95900000 - 0x00007ffa9590c000 	C:\Users\augustin.lefevre\Documents\tools\jdk-17.0.2\bin\vcruntime140_1.dll
0x00007ffa70780000 - 0x00007ffa7080d000 	C:\Users\augustin.lefevre\Documents\tools\jdk-17.0.2\bin\msvcp140.dll
0x00007ffa430e0000 - 0x00007ffa43ca1000 	C:\Users\augustin.lefevre\Documents\tools\jdk-17.0.2\bin\server\jvm.dll
0x00007ffa9a9b0000 - 0x00007ffa9a9b8000 	C:\windows\System32\PSAPI.DLL
0x00007ffa818b0000 - 0x00007ffa818d7000 	C:\windows\SYSTEM32\WINMM.dll
0x00007ffa90a30000 - 0x00007ffa90a39000 	C:\windows\SYSTEM32\WSOCK32.dll
0x00007ffa9ac20000 - 0x00007ffa9ac8b000 	C:\windows\System32\WS2_32.dll
0x00007ffa96c80000 - 0x00007ffa96c92000 	C:\windows\SYSTEM32\kernel.appcore.dll
0x00007ffa78bc0000 - 0x00007ffa78bca000 	C:\Users\augustin.lefevre\Documents\tools\jdk-17.0.2\bin\jimage.dll
0x00007ffa8d010000 - 0x00007ffa8d1f4000 	C:\windows\SYSTEM32\DBGHELP.DLL
0x00007ffa7c6b0000 - 0x00007ffa7c6dc000 	C:\windows\SYSTEM32\dbgcore.DLL
0x00007ffa98cb0000 - 0x00007ffa98d32000 	C:\windows\System32\bcryptPrimitives.dll
0x00007ffa72dd0000 - 0x00007ffa72df5000 	C:\Users\augustin.lefevre\Documents\tools\jdk-17.0.2\bin\java.dll

dbghelp: loaded successfully - version: 4.0.5 - missing functions: none
symbol engine: initialized successfully - sym options: 0x614 - pdb path: .;C:\Users\augustin.lefevre\Documents\tools\jdk-17.0.2\bin;C:\windows\SYSTEM32;C:\windows\WinSxS\amd64_microsoft.windows.common-controls_6595b64144ccf1df_6.0.19041.1110_none_60b5254171f9507e;C:\Users\augustin.lefevre\Documents\tools\jdk-17.0.2\bin\server

VM Arguments:
jvm_args: --module-path=C:\Users\augustin.lefevre\Documents\tools\openjfx-17.0.2_windows-x64_bin-sdk\javafx-sdk-17.0.2\lib --add-modules=javafx.controls -Dfile.encoding=Cp1252 
java_command: gui.App
java_class_path (initial): C:\Users\augustin.lefevre\Documents\repo_git-perso\PixelGameEditor\PixelArtGameEditor\bin;C:\Users\augustin.lefevre\Documents\tools\openjfx-17.0.2_windows-x64_bin-sdk\javafx-sdk-17.0.2\lib\javafx.base.jar;C:\Users\augustin.lefevre\Documents\tools\openjfx-17.0.2_windows-x64_bin-sdk\javafx-sdk-17.0.2\lib\javafx.controls.jar;C:\Users\augustin.lefevre\Documents\tools\openjfx-17.0.2_windows-x64_bin-sdk\javafx-sdk-17.0.2\lib\javafx.fxml.jar;C:\Users\augustin.lefevre\Documents\tools\openjfx-17.0.2_windows-x64_bin-sdk\javafx-sdk-17.0.2\lib\javafx.graphics.jar;C:\Users\augustin.lefevre\Documents\tools\openjfx-17.0.2_windows-x64_bin-sdk\javafx-sdk-17.0.2\lib\javafx.media.jar;C:\Users\augustin.lefevre\Documents\tools\openjfx-17.0.2_windows-x64_bin-sdk\javafx-sdk-17.0.2\lib\javafx.swing.jar;C:\Users\augustin.lefevre\Documents\tools\openjfx-17.0.2_windows-x64_bin-sdk\javafx-sdk-17.0.2\lib\javafx.web.jar;C:\Users\augustin.lefevre\Documents\tools\openjfx-17.0.2_windows-x64_bin-sdk\javafx-sdk-17.0.2\lib\javafx-swt.jar;C:\Users\augustin.lefevre\.p2\pool\plugins\org.junit.jupiter.api_5.5.1.v20190826-0900.jar;C:\Users\augustin.lefevre\.p2\pool\plugins\org.junit.jupiter.engine_5.5.1.v20190826-0900.jar;C:\Users\augustin.lefevre\.p2\pool\plugins\org.junit.jupiter.migrationsupport_5.5.1.v20190826-0900.jar;C:\Users\augustin.lefevre\.p2\pool\plugins\org.junit.jupiter.params_5.5.1.v20190826-0900.jar;C:\Users\augustin.lefevre\.p2\pool\plugins\org.junit.platform.commons_1.5.1.v20190826-0900.jar;C:\Users\augustin.lefevre\.p2\pool\plugins\org.junit.platform.engine_1.5.1.v20190826-0900.jar;C:\Users\augustin.lefevre\.p2\pool\plugins\org.junit.platform.launcher_1.5.1.v20190826-0900.jar;C:\Users\augustin.lefevre\.p2\pool\plugins\org.junit.platform.runner_1.5.1.v20190826-0900.jar;C:\Users\augustin.lefevre\.p2\pool\plugins\org.junit.platform.suite.api_1.5.1.v20190826-0900.jar;C:\Users\augustin.lefevre\.p2\pool\plugins\org.junit.vintage.engine_5.5.1.v20190826-0900.jar;C:\Us
Launcher Type: SUN_STANDARD

[Global flags]
     intx CICompilerCount                          = 4                                         {product} {ergonomic}
     uint ConcGCThreads                            = 2                                         {product} {ergonomic}
     uint G1ConcRefinementThreads                  = 8                                         {product} {ergonomic}
   size_t G1HeapRegionSize                         = 1048576                                   {product} {ergonomic}
    uintx GCDrainStackTargetSize                   = 64                                        {product} {ergonomic}
   size_t InitialHeapSize                          = 130023424                                 {product} {ergonomic}
   size_t MarkStackSize                            = 4194304                                   {product} {ergonomic}
   size_t MaxHeapSize                              = 2053111808                                {product} {ergonomic}
   size_t MinHeapDeltaBytes                        = 1048576                                   {product} {ergonomic}
   size_t MinHeapSize                              = 8388608                                   {product} {ergonomic}
    uintx NonNMethodCodeHeapSize                   = 5839372                                {pd product} {ergonomic}
    uintx NonProfiledCodeHeapSize                  = 122909434                              {pd product} {ergonomic}
    uintx ProfiledCodeHeapSize                     = 122909434                              {pd product} {ergonomic}
    uintx ReservedCodeCacheSize                    = 251658240                              {pd product} {ergonomic}
     bool SegmentedCodeCache                       = true                                      {product} {ergonomic}
   size_t SoftMaxHeapSize                          = 2053111808                             {manageable} {ergonomic}
     bool UseCompressedClassPointers               = true                           {product lp64_product} {ergonomic}
     bool UseCompressedOops                        = true                           {product lp64_product} {ergonomic}
     bool UseG1GC                                  = true                                      {product} {ergonomic}
     bool UseLargePagesIndividualAllocation        = false                                  {pd product} {ergonomic}

Logging:
Log output configuration:
 #0: stdout all=warning uptime,level,tags
 #1: stderr all=off uptime,level,tags

Environment Variables:
PATH=C:/Program Files/Java/jre1.8.0_321/bin/server;C:/Program Files/Java/jre1.8.0_321/bin;C:/Program Files/Java/jre1.8.0_321/lib/amd64;C:\Program Files (x86)\Common Files\Oracle\Java\javapath;C:\windows\system32;C:\windows;C:\windows\System32\Wbem;C:\windows\System32\WindowsPowerShell\v1.0\;C:\windows\System32\OpenSSH\;C:\Program Files\SafeNet\Authentication\SAC\x64;C:\Program Files\SafeNet\Authentication\SAC\x32;C:\Users\augustin.lefevre\AppData\Local\Microsoft\WindowsApps;C:\Users\augustin.lefevre\AppData\Local\Programs\Git\cmd;C:\Users\augustin.lefevre\Desktop;
USERNAME=augustin.lefevre
OS=Windows_NT
PROCESSOR_IDENTIFIER=Intel64 Family 6 Model 142 Stepping 12, GenuineIntel



---------------  S Y S T E M  ---------------

OS:
 Windows 10 , 64 bit Build 19041 (10.0.19041.1503)
OS uptime: 10 days 23:45 hours

CPU: total 8 (initial active 8) (4 cores per cpu, 2 threads per core) family 6 model 142 stepping 12 microcode 0xec, cx8, cmov, fxsr, ht, mmx, 3dnowpref, sse, sse2, sse3, ssse3, sse4.1, sse4.2, popcnt, lzcnt, tsc, tscinvbit, avx, avx2, aes, erms, clmul, bmi1, bmi2, adx, fma, vzeroupper, clflush, clflushopt

Memory: 4k page, system-wide physical 7824M (894M free)
TotalPageFile size 31376M (AvailPageFile size 84M)
current process WorkingSet (physical memory assigned to process): 10M, peak: 10M
current process commit charge ("private bytes"): 60M, peak: 184M

vm_info: Java HotSpot(TM) 64-Bit Server VM (17.0.2+8-LTS-86) for windows-amd64 JRE (17.0.2+8-LTS-86), built on Dec  7 2021 21:51:03 by "mach5one" with MS VC++ 16.8 / 16.9 (VS2019)

END.
